<?xml version="1.0" encoding="UTF-8"?>
<!-- Generated by org.testng.reporters.JUnitReportReporter -->
<testsuite hostname="LAPTOP-JC2DPRUQ" failures="0" tests="1" name="com.gsk.TestScripts.OrangeHRMTestScripts" time="33.711" errors="0" timestamp="2023-01-08T19:28:46 IST" skipped="0">
  <testcase classname="com.gsk.TestScripts.OrangeHRMTestScripts" name="login" time="33.711"/>
  <system-out/>
</testsuite> <!-- com.gsk.TestScripts.OrangeHRMTestScripts -->
